181204-00:45:02 [INFO] -- 
181204-00:45:02 [INFO] -- 
181204-00:45:02 [INFO] -- ============================================================
181204-00:45:02 [INFO] -- AppKickstarter: Application Starting...
181204-00:45:05 [INFO] -- Thread_kiosk_Panel1: starting...
181204-00:45:05 [INFO] -- Thread_kiosk_Panel5: starting...
181204-00:45:05 [INFO] -- Thread_kiosk_Panel4: starting...
181204-00:45:05 [INFO] -- Thread_kiosk_Panel9: starting...
181204-00:45:05 [INFO] -- Thread_Elevator_Panel1: starting...
181204-00:45:05 [INFO] -- Thread_Elevator_Panel2: starting...
181204-00:45:05 [INFO] -- Thread_kiosk_Panel3: starting...
181204-00:45:05 [INFO] -- Thread_kiosk_Panel2: starting...
181204-00:45:05 [INFO] -- Thread_Central_Control_Panel: starting...
181204-00:45:05 [INFO] -- Thread_Elevator_Panel6: starting...
181204-00:45:05 [INFO] -- timer: starting...
181204-00:45:05 [INFO] -- Thread_Elevator_Panel4: starting...
181204-00:45:05 [INFO] -- Thread_Elevator_Panel5: starting...
181204-00:45:05 [INFO] -- Thread_kiosk_Panel10: starting...
181204-00:45:05 [INFO] -- Thread_kiosk_Panel6: starting...
181204-00:45:05 [INFO] -- Thread_Elevator_Panel3: starting...
181204-00:45:05 [INFO] -- Thread_Server: starting...
181204-00:45:05 [INFO] -- Thread_kiosk_Panel7: starting...
181204-00:45:05 [INFO] -- Thread_kiosk_Panel8: starting...
181204-00:45:06 [INFO] -- Thread_kiosk_Panel3: receiving timesup at 00:00:05
181204-00:45:06 [INFO] -- Thread_kiosk_Panel7: receiving timesup at 00:00:05
181204-00:45:06 [INFO] -- Thread_Elevator_Panel4: send request Elev_Reply to Thread_Server
181204-00:45:06 [INFO] -- Thread_kiosk_Panel4: receiving timesup at 00:00:05
181204-00:45:06 [INFO] -- Thread_kiosk_Panel2: receiving timesup at 00:00:05
181204-00:45:06 [INFO] -- Thread_kiosk_Panel9: receiving timesup at 00:00:05
181204-00:45:06 [INFO] -- Thread_kiosk_Panel6: receiving timesup at 00:00:05
181204-00:45:06 [INFO] -- Thread_kiosk_Panel8: receiving timesup at 00:00:05
181204-00:45:06 [INFO] -- Thread_Central_Control_Panel: receiving timesup at 00:00:05
181204-00:45:06 [INFO] -- Thread_Elevator_Panel6: send request Elev_Reply to Thread_Server
181204-00:45:06 [INFO] -- Thread_Elevator_Panel5: send request Elev_Reply to Thread_Server
181204-00:45:06 [INFO] -- Thread_Elevator_Panel1: send request Elev_Reply to Thread_Server
181204-00:45:06 [INFO] -- Thread_kiosk_Panel1: receiving timesup at 00:00:05
181204-00:45:06 [INFO] -- Thread_Elevator_Panel2: send request Elev_Reply to Thread_Server
181204-00:45:06 [INFO] -- Thread_kiosk_Panel5: receiving timesup at 00:00:05
181204-00:45:06 [INFO] -- {"Status":"free","Current_Floor":0,"Work_List":[],"LNO":2,"Dir":0}: Content
181204-00:45:06 [INFO] -- {"Status":"free","Current_Floor":0,"Work_List":[],"LNO":1,"Dir":0}: Content
181204-00:45:06 [INFO] -- {"Status":"free","Current_Floor":0,"Work_List":[],"LNO":5,"Dir":0}: Content
181204-00:45:06 [INFO] -- Thread_Central_Control_Panel: send request Admin_Req to Thread_Server
181204-00:45:06 [INFO] -- {"Status":"free","Current_Floor":0,"Work_List":[],"LNO":6,"Dir":0}: Content
181204-00:45:06 [INFO] -- Thread_kiosk_Panel10: receiving timesup at 00:00:05
181204-00:45:06 [INFO] -- Thread_Server: [Thread_Elevator_Panel2]: message received: [Elev_Reply] 
181204-00:45:06 [INFO] -- {"Status":"free","Current_Floor":0,"Work_List":[],"LNO":4,"Dir":0}: Content
181204-00:45:06 [INFO] -- Receive elevator update from Thread_Elevator_Panel2
181204-00:45:06 [INFO] -- Thread_Server: [Thread_Elevator_Panel1]: message received: [Elev_Reply] 
181204-00:45:06 [INFO] -- Receive elevator update from Thread_Elevator_Panel1
181204-00:45:06 [INFO] -- Thread_Central_Control_Panel: [Thread_Server]: message received: [Thread_Server (Admin_Reply) -- null] 
181204-00:45:06 [INFO] -- Thread_Server: [Thread_Elevator_Panel5]: message received: [Elev_Reply] 
181204-00:45:06 [INFO] -- Receive elevator update from Thread_Elevator_Panel5
181204-00:45:06 [INFO] -- Thread_Central_Control_Panel: json receive:{"result":[{"Status":8,"Current_Floor":0,"Work_List":[],"Next_Floor":0,"LNO":1,"Direction":-1},{"Status":8,"Current_Floor":0,"Work_List":[],"Next_Floor":0,"LNO":2,"Direction":-1},{"Status":8,"Current_Floor":0,"Work_List":[],"Next_Floor":0,"LNO":3,"Direction":-1},{"Status":8,"Current_Floor":0,"Work_List":[],"Next_Floor":0,"LNO":4,"Direction":-1},{"Status":8,"Current_Floor":0,"Work_List":[],"Next_Floor":0,"LNO":5,"Direction":-1},{"Status":8,"Current_Floor":0,"Work_List":[],"Next_Floor":0,"LNO":6,"Direction":-1}]}
181204-00:45:06 [SEVERE] -- Thread_Server: unknown message type!!
181204-00:45:06 [INFO] -- Thread_Central_Control_Panel: [Thread_Server]: message received: [Thread_Server (Admin_Reply) -- null] 
181204-00:45:06 [INFO] -- Thread_Server: [Thread_Elevator_Panel6]: message received: [Elev_Reply] 
181204-00:45:06 [INFO] -- Receive elevator update from Thread_Elevator_Panel6
181204-00:45:06 [INFO] -- Thread_Central_Control_Panel: json receive:{"result":[{"Status":8,"Current_Floor":0,"Work_List":[],"Next_Floor":0,"LNO":1,"Direction":-1},{"Status":8,"Current_Floor":0,"Work_List":[],"Next_Floor":0,"LNO":2,"Direction":-1},{"Status":8,"Current_Floor":0,"Work_List":[],"Next_Floor":0,"LNO":3,"Direction":-1},{"Status":8,"Current_Floor":0,"Work_List":[],"Next_Floor":0,"LNO":4,"Direction":-1},{"Status":8,"Current_Floor":0,"Work_List":[],"Next_Floor":0,"LNO":5,"Direction":-1},{"Status":8,"Current_Floor":0,"Work_List":[],"Next_Floor":0,"LNO":6,"Direction":-1}]}
181204-00:45:06 [INFO] -- Thread_Server: [Thread_Elevator_Panel4]: message received: [Elev_Reply] 
181204-00:45:06 [INFO] -- Receive elevator update from Thread_Elevator_Panel4
181204-00:45:06 [INFO] -- Thread_Central_Control_Panel: [Thread_Server]: message received: [Thread_Server (Admin_Reply) -- null] 
181204-00:45:06 [INFO] -- Thread_Central_Control_Panel: json receive:{"result":[{"Status":8,"Current_Floor":0,"Work_List":[],"Next_Floor":0,"LNO":1,"Direction":-1},{"Status":8,"Current_Floor":0,"Work_List":[],"Next_Floor":0,"LNO":2,"Direction":-1},{"Status":8,"Current_Floor":0,"Work_List":[],"Next_Floor":0,"LNO":3,"Direction":-1},{"Status":8,"Current_Floor":0,"Work_List":[],"Next_Floor":0,"LNO":4,"Direction":-1},{"Status":8,"Current_Floor":0,"Work_List":[],"Next_Floor":0,"LNO":5,"Direction":-1},{"Status":8,"Current_Floor":0,"Work_List":[],"Next_Floor":0,"LNO":6,"Direction":-1}]}
181204-00:45:06 [INFO] -- Thread_Central_Control_Panel: [Thread_Server]: message received: [Thread_Server (Admin_Reply) -- null] 
181204-00:45:06 [INFO] -- Thread_Central_Control_Panel: json receive:{"result":[{"Status":8,"Current_Floor":0,"Work_List":[],"Next_Floor":0,"LNO":1,"Direction":-1},{"Status":8,"Current_Floor":0,"Work_List":[],"Next_Floor":0,"LNO":2,"Direction":-1},{"Status":8,"Current_Floor":0,"Work_List":[],"Next_Floor":0,"LNO":3,"Direction":-1},{"Status":8,"Current_Floor":0,"Work_List":[],"Next_Floor":0,"LNO":4,"Direction":-1},{"Status":8,"Current_Floor":0,"Work_List":[],"Next_Floor":0,"LNO":5,"Direction":-1},{"Status":8,"Current_Floor":0,"Work_List":[],"Next_Floor":0,"LNO":6,"Direction":-1}]}
181204-00:45:06 [INFO] -- Thread_Central_Control_Panel: [Thread_Server]: message received: [Thread_Server (Admin_Reply) -- null] 
181204-00:45:06 [INFO] -- Thread_Central_Control_Panel: json receive:{"result":[{"Status":8,"Current_Floor":0,"Work_List":[],"Next_Floor":0,"LNO":1,"Direction":-1},{"Status":8,"Current_Floor":0,"Work_List":[],"Next_Floor":0,"LNO":2,"Direction":-1},{"Status":8,"Current_Floor":0,"Work_List":[],"Next_Floor":0,"LNO":3,"Direction":-1},{"Status":8,"Current_Floor":0,"Work_List":[],"Next_Floor":0,"LNO":4,"Direction":-1},{"Status":8,"Current_Floor":0,"Work_List":[],"Next_Floor":0,"LNO":5,"Direction":-1},{"Status":8,"Current_Floor":0,"Work_List":[],"Next_Floor":0,"LNO":6,"Direction":-1}]}
